mode: set
github.com/scp-platform/backend/cmd/api/main.go:22.13,37.16 4 0
github.com/scp-platform/backend/cmd/api/main.go:37.16,39.3 1 0
github.com/scp-platform/backend/cmd/api/main.go:40.2,75.53 22 0
github.com/scp-platform/backend/cmd/api/main.go:75.53,77.3 1 0
github.com/scp-platform/backend/cmd/api/main.go:78.2,113.12 8 0
github.com/scp-platform/backend/cmd/api/main.go:113.12,115.77 2 0
github.com/scp-platform/backend/cmd/api/main.go:115.77,117.4 1 0
github.com/scp-platform/backend/cmd/api/main.go:121.2,130.42 7 0
github.com/scp-platform/backend/cmd/api/main.go:130.42,132.3 1 0
github.com/scp-platform/backend/cmd/api/main.go:134.2,134.30 1 0
github.com/scp-platform/backend/internal/api/routes.go:22.15,31.45 5 0
github.com/scp-platform/backend/internal/api/routes.go:31.45,33.3 1 0
github.com/scp-platform/backend/internal/api/routes.go:36.2,37.2 2 0
github.com/scp-platform/backend/internal/api/routes.go:37.2,40.3 2 0
github.com/scp-platform/backend/internal/api/routes.go:40.3,47.4 5 0
github.com/scp-platform/backend/internal/api/routes.go:47.4,50.5 2 0
github.com/scp-platform/backend/internal/api/routes.go:54.3,57.3 4 0
github.com/scp-platform/backend/internal/api/routes.go:57.3,61.4 3 0
github.com/scp-platform/backend/internal/api/routes.go:64.3,67.3 4 0
github.com/scp-platform/backend/internal/api/routes.go:67.3,86.4 18 0
github.com/scp-platform/backend/internal/api/routes.go:89.3,92.3 4 0
github.com/scp-platform/backend/internal/api/routes.go:92.3,129.4 24 0
github.com/scp-platform/backend/internal/api/routes.go:129.4,133.5 3 0
github.com/scp-platform/backend/internal/api/routes.go:137.3,139.3 3 0
github.com/scp-platform/backend/internal/api/routes.go:139.3,141.4 1 0
github.com/scp-platform/backend/internal/api/routes.go:144.3,146.3 3 0
github.com/scp-platform/backend/internal/api/routes.go:146.3,148.4 1 0
github.com/scp-platform/backend/internal/api/routes.go:151.2,151.15 1 0
github.com/scp-platform/backend/internal/config/config.go:50.21,83.2 2 0
github.com/scp-platform/backend/internal/config/config.go:85.46,86.42 1 0
github.com/scp-platform/backend/internal/config/config.go:86.42,88.3 1 0
github.com/scp-platform/backend/internal/config/config.go:89.2,89.21 1 0
github.com/scp-platform/backend/internal/config/config.go:92.50,93.42 1 0
github.com/scp-platform/backend/internal/config/config.go:93.42,94.55 1 0
github.com/scp-platform/backend/internal/config/config.go:94.55,96.4 1 0
github.com/scp-platform/backend/internal/config/config.go:98.2,98.21 1 0
github.com/scp-platform/backend/internal/repository/canned_reply_repository.go:15.67,17.2 1 0
github.com/scp-platform/backend/internal/repository/canned_reply_repository.go:19.81,22.16 3 0
github.com/scp-platform/backend/internal/repository/canned_reply_repository.go:22.16,24.3 1 0
github.com/scp-platform/backend/internal/repository/canned_reply_repository.go:25.2,25.20 1 0
github.com/scp-platform/backend/internal/repository/canned_reply_repository.go:28.98,36.2 3 0
github.com/scp-platform/backend/internal/repository/canned_reply_repository.go:38.73,46.2 4 0
github.com/scp-platform/backend/internal/repository/canned_reply_repository.go:48.73,59.2 4 0
github.com/scp-platform/backend/internal/repository/canned_reply_repository.go:61.57,64.2 2 0
github.com/scp-platform/backend/internal/repository/complaint_repository.go:15.63,17.2 1 0
github.com/scp-platform/backend/internal/repository/complaint_repository.go:19.77,22.16 3 0
github.com/scp-platform/backend/internal/repository/complaint_repository.go:22.16,24.3 1 0
github.com/scp-platform/backend/internal/repository/complaint_repository.go:25.2,25.24 1 0
github.com/scp-platform/backend/internal/repository/complaint_repository.go:28.73,39.2 5 0
github.com/scp-platform/backend/internal/repository/complaint_repository.go:41.73,55.2 4 0
github.com/scp-platform/backend/internal/repository/complaint_repository.go:57.134,64.18 5 0
github.com/scp-platform/backend/internal/repository/complaint_repository.go:64.18,67.3 2 0
github.com/scp-platform/backend/internal/repository/complaint_repository.go:69.2,70.16 2 0
github.com/scp-platform/backend/internal/repository/complaint_repository.go:70.16,72.3 1 0
github.com/scp-platform/backend/internal/repository/complaint_repository.go:74.2,77.18 3 0
github.com/scp-platform/backend/internal/repository/complaint_repository.go:77.18,80.3 2 0
github.com/scp-platform/backend/internal/repository/complaint_repository.go:82.2,84.18 3 0
github.com/scp-platform/backend/internal/repository/complaint_repository.go:84.18,87.3 2 0
github.com/scp-platform/backend/internal/repository/complaint_repository.go:87.8,89.3 1 0
github.com/scp-platform/backend/internal/repository/complaint_repository.go:91.2,92.31 2 0
github.com/scp-platform/backend/internal/repository/consumer_link_repository.go:15.69,17.2 1 0
github.com/scp-platform/backend/internal/repository/consumer_link_repository.go:19.83,22.16 3 0
github.com/scp-platform/backend/internal/repository/consumer_link_repository.go:22.16,24.3 1 0
github.com/scp-platform/backend/internal/repository/consumer_link_repository.go:25.2,25.19 1 0
github.com/scp-platform/backend/internal/repository/consumer_link_repository.go:28.120,34.16 3 0
github.com/scp-platform/backend/internal/repository/consumer_link_repository.go:34.16,36.3 1 0
github.com/scp-platform/backend/internal/repository/consumer_link_repository.go:37.2,37.19 1 0
github.com/scp-platform/backend/internal/repository/consumer_link_repository.go:40.74,50.2 5 0
github.com/scp-platform/backend/internal/repository/consumer_link_repository.go:52.74,61.2 2 0
github.com/scp-platform/backend/internal/repository/consumer_link_repository.go:63.100,76.2 3 0
github.com/scp-platform/backend/internal/repository/consumer_link_repository.go:78.125,83.16 4 0
github.com/scp-platform/backend/internal/repository/consumer_link_repository.go:83.16,85.3 1 0
github.com/scp-platform/backend/internal/repository/consumer_link_repository.go:87.2,99.26 3 0
github.com/scp-platform/backend/internal/repository/consumer_link_repository.go:102.59,110.2 3 0
github.com/scp-platform/backend/internal/repository/consumer_link_repository.go:112.58,119.2 2 0
github.com/scp-platform/backend/internal/repository/consumer_link_repository.go:121.57,129.2 3 0
github.com/scp-platform/backend/internal/repository/conversation_repository.go:15.69,17.2 1 0
github.com/scp-platform/backend/internal/repository/conversation_repository.go:19.83,22.16 3 0
github.com/scp-platform/backend/internal/repository/conversation_repository.go:22.16,24.3 1 0
github.com/scp-platform/backend/internal/repository/conversation_repository.go:25.2,25.19 1 0
github.com/scp-platform/backend/internal/repository/conversation_repository.go:28.107,35.16 3 0
github.com/scp-platform/backend/internal/repository/conversation_repository.go:35.16,37.3 1 0
github.com/scp-platform/backend/internal/repository/conversation_repository.go:40.2,52.16 7 0
github.com/scp-platform/backend/internal/repository/conversation_repository.go:52.16,54.3 1 0
github.com/scp-platform/backend/internal/repository/conversation_repository.go:57.2,62.19 2 0
github.com/scp-platform/backend/internal/repository/conversation_repository.go:65.100,77.2 3 0
github.com/scp-platform/backend/internal/repository/conversation_repository.go:79.100,92.2 3 0
github.com/scp-platform/backend/internal/repository/conversation_repository.go:94.81,101.2 2 0
github.com/scp-platform/backend/internal/repository/conversation_repository.go:103.103,104.30 1 0
github.com/scp-platform/backend/internal/repository/conversation_repository.go:104.30,112.3 2 0
github.com/scp-platform/backend/internal/repository/conversation_repository.go:114.2,114.12 1 0
github.com/scp-platform/backend/internal/repository/conversation_repository.go:117.97,118.28 1 0
github.com/scp-platform/backend/internal/repository/conversation_repository.go:118.28,126.3 2 0
github.com/scp-platform/backend/internal/repository/conversation_repository.go:127.2,127.12 1 0
github.com/scp-platform/backend/internal/repository/database.go:14.100,19.16 3 0
github.com/scp-platform/backend/internal/repository/database.go:19.16,21.3 1 0
github.com/scp-platform/backend/internal/repository/database.go:23.2,23.34 1 0
github.com/scp-platform/backend/internal/repository/database.go:23.34,25.3 1 0
github.com/scp-platform/backend/internal/repository/database.go:27.2,27.31 1 0
github.com/scp-platform/backend/internal/repository/database.go:30.34,32.2 1 0
github.com/scp-platform/backend/internal/repository/message_repository.go:15.59,17.2 1 0
github.com/scp-platform/backend/internal/repository/message_repository.go:19.67,27.2 4 0
github.com/scp-platform/backend/internal/repository/message_repository.go:29.118,45.2 4 0
github.com/scp-platform/backend/internal/repository/message_repository.go:47.84,54.2 2 0
github.com/scp-platform/backend/internal/repository/notification_repository.go:15.69,17.2 1 0
github.com/scp-platform/backend/internal/repository/notification_repository.go:19.82,27.2 4 0
github.com/scp-platform/backend/internal/repository/notification_repository.go:29.117,34.16 4 0
github.com/scp-platform/backend/internal/repository/notification_repository.go:34.16,36.3 1 0
github.com/scp-platform/backend/internal/repository/notification_repository.go:38.2,45.34 3 0
github.com/scp-platform/backend/internal/repository/notification_repository.go:48.62,56.2 3 0
github.com/scp-platform/backend/internal/repository/notification_repository.go:58.69,66.2 3 0
github.com/scp-platform/backend/internal/repository/order_repository.go:15.55,17.2 1 0
github.com/scp-platform/backend/internal/repository/order_repository.go:19.69,22.16 3 0
github.com/scp-platform/backend/internal/repository/order_repository.go:22.16,24.3 1 0
github.com/scp-platform/backend/internal/repository/order_repository.go:26.2,27.16 2 0
github.com/scp-platform/backend/internal/repository/order_repository.go:27.16,29.3 1 0
github.com/scp-platform/backend/internal/repository/order_repository.go:31.2,31.20 1 0
github.com/scp-platform/backend/internal/repository/order_repository.go:34.85,48.2 3 0
github.com/scp-platform/backend/internal/repository/order_repository.go:50.61,52.16 2 0
github.com/scp-platform/backend/internal/repository/order_repository.go:52.16,54.3 1 0
github.com/scp-platform/backend/internal/repository/order_repository.go:55.2,65.16 6 0
github.com/scp-platform/backend/internal/repository/order_repository.go:65.16,67.3 1 0
github.com/scp-platform/backend/internal/repository/order_repository.go:69.2,69.35 1 0
github.com/scp-platform/backend/internal/repository/order_repository.go:69.35,77.17 5 0
github.com/scp-platform/backend/internal/repository/order_repository.go:77.17,79.4 1 0
github.com/scp-platform/backend/internal/repository/order_repository.go:82.2,82.36 1 0
github.com/scp-platform/backend/internal/repository/order_repository.go:82.36,84.3 1 0
github.com/scp-platform/backend/internal/repository/order_repository.go:86.2,89.12 3 0
github.com/scp-platform/backend/internal/repository/order_repository.go:92.111,97.16 4 0
github.com/scp-platform/backend/internal/repository/order_repository.go:97.16,99.3 1 0
github.com/scp-platform/backend/internal/repository/order_repository.go:101.2,108.16 3 0
github.com/scp-platform/backend/internal/repository/order_repository.go:108.16,110.3 1 0
github.com/scp-platform/backend/internal/repository/order_repository.go:112.2,112.24 1 0
github.com/scp-platform/backend/internal/repository/order_repository.go:112.24,115.3 2 0
github.com/scp-platform/backend/internal/repository/order_repository.go:117.2,117.27 1 0
github.com/scp-platform/backend/internal/repository/order_repository.go:120.111,125.16 4 0
github.com/scp-platform/backend/internal/repository/order_repository.go:125.16,127.3 1 0
github.com/scp-platform/backend/internal/repository/order_repository.go:129.2,136.16 3 0
github.com/scp-platform/backend/internal/repository/order_repository.go:136.16,138.3 1 0
github.com/scp-platform/backend/internal/repository/order_repository.go:140.2,140.24 1 0
github.com/scp-platform/backend/internal/repository/order_repository.go:140.24,143.3 2 0
github.com/scp-platform/backend/internal/repository/order_repository.go:145.2,145.27 1 0
github.com/scp-platform/backend/internal/repository/order_repository.go:148.61,158.2 4 0
github.com/scp-platform/backend/internal/repository/product_repository.go:16.59,18.2 1 0
github.com/scp-platform/backend/internal/repository/product_repository.go:20.73,28.16 3 0
github.com/scp-platform/backend/internal/repository/product_repository.go:28.16,30.3 1 0
github.com/scp-platform/backend/internal/repository/product_repository.go:31.2,31.22 1 0
github.com/scp-platform/backend/internal/repository/product_repository.go:34.113,39.16 4 0
github.com/scp-platform/backend/internal/repository/product_repository.go:39.16,41.3 1 0
github.com/scp-platform/backend/internal/repository/product_repository.go:43.2,50.29 3 0
github.com/scp-platform/backend/internal/repository/product_repository.go:53.136,64.16 5 0
github.com/scp-platform/backend/internal/repository/product_repository.go:64.16,66.3 1 0
github.com/scp-platform/backend/internal/repository/product_repository.go:68.2,78.29 4 0
github.com/scp-platform/backend/internal/repository/product_repository.go:81.116,92.16 5 0
github.com/scp-platform/backend/internal/repository/product_repository.go:92.16,94.3 1 0
github.com/scp-platform/backend/internal/repository/product_repository.go:96.2,106.29 4 0
github.com/scp-platform/backend/internal/repository/product_repository.go:109.67,119.2 4 0
github.com/scp-platform/backend/internal/repository/product_repository.go:121.67,138.2 4 0
github.com/scp-platform/backend/internal/repository/product_repository.go:140.53,143.2 2 0
github.com/scp-platform/backend/internal/repository/product_repository.go:145.82,152.16 2 0
github.com/scp-platform/backend/internal/repository/product_repository.go:152.16,154.3 1 0
github.com/scp-platform/backend/internal/repository/product_repository.go:156.2,157.16 2 0
github.com/scp-platform/backend/internal/repository/product_repository.go:157.16,159.3 1 0
github.com/scp-platform/backend/internal/repository/product_repository.go:161.2,161.23 1 0
github.com/scp-platform/backend/internal/repository/product_repository.go:161.23,163.3 1 0
github.com/scp-platform/backend/internal/repository/product_repository.go:165.2,165.12 1 0
github.com/scp-platform/backend/internal/repository/product_repository.go:168.138,172.16 3 0
github.com/scp-platform/backend/internal/repository/product_repository.go:172.16,174.3 1 0
github.com/scp-platform/backend/internal/repository/product_repository.go:175.2,177.39 2 0
github.com/scp-platform/backend/internal/repository/product_repository.go:177.39,180.17 3 0
github.com/scp-platform/backend/internal/repository/product_repository.go:180.17,181.12 1 0
github.com/scp-platform/backend/internal/repository/product_repository.go:184.3,188.67 4 0
github.com/scp-platform/backend/internal/repository/product_repository.go:188.67,192.4 3 0
github.com/scp-platform/backend/internal/repository/product_repository.go:194.3,194.69 1 0
github.com/scp-platform/backend/internal/repository/product_repository.go:194.69,198.4 3 0
github.com/scp-platform/backend/internal/repository/product_repository.go:200.3,200.76 1 0
github.com/scp-platform/backend/internal/repository/product_repository.go:200.76,204.4 3 0
github.com/scp-platform/backend/internal/repository/product_repository.go:206.3,206.24 1 0
github.com/scp-platform/backend/internal/repository/product_repository.go:206.24,217.18 8 0
github.com/scp-platform/backend/internal/repository/product_repository.go:217.18,218.13 1 0
github.com/scp-platform/backend/internal/repository/product_repository.go:221.4,223.47 3 0
github.com/scp-platform/backend/internal/repository/product_repository.go:227.2,227.36 1 0
github.com/scp-platform/backend/internal/repository/product_repository.go:227.36,229.3 1 0
github.com/scp-platform/backend/internal/repository/product_repository.go:231.2,231.22 1 0
github.com/scp-platform/backend/internal/repository/product_repository.go:234.101,242.2 3 0
github.com/scp-platform/backend/internal/repository/supplier_repository.go:15.61,17.2 1 0
github.com/scp-platform/backend/internal/repository/supplier_repository.go:19.75,22.16 3 0
github.com/scp-platform/backend/internal/repository/supplier_repository.go:22.16,24.3 1 0
github.com/scp-platform/backend/internal/repository/supplier_repository.go:25.2,25.23 1 0
github.com/scp-platform/backend/internal/repository/supplier_repository.go:28.70,36.2 4 0
github.com/scp-platform/backend/internal/repository/supplier_repository.go:38.89,43.16 4 0
github.com/scp-platform/backend/internal/repository/supplier_repository.go:43.16,45.3 1 0
github.com/scp-platform/backend/internal/repository/supplier_repository.go:47.2,53.30 3 0
github.com/scp-platform/backend/internal/repository/user_repository.go:15.53,17.2 1 0
github.com/scp-platform/backend/internal/repository/user_repository.go:19.67,22.16 3 0
github.com/scp-platform/backend/internal/repository/user_repository.go:22.16,24.3 1 0
github.com/scp-platform/backend/internal/repository/user_repository.go:25.2,25.19 1 0
github.com/scp-platform/backend/internal/repository/user_repository.go:28.73,31.16 3 0
github.com/scp-platform/backend/internal/repository/user_repository.go:31.16,33.3 1 0
github.com/scp-platform/backend/internal/repository/user_repository.go:34.2,34.19 1 0
github.com/scp-platform/backend/internal/repository/user_repository.go:37.58,47.2 4 0
github.com/scp-platform/backend/internal/repository/user_repository.go:49.58,64.2 4 0
github.com/scp-platform/backend/internal/repository/user_repository.go:66.84,70.2 3 0
github.com/scp-platform/backend/internal/repository/user_repository.go:72.50,75.2 2 0
github.com/scp-platform/backend/internal/api/middleware/auth_middleware.go:11.65,12.30 1 1
github.com/scp-platform/backend/internal/api/middleware/auth_middleware.go:12.30,14.23 2 1
github.com/scp-platform/backend/internal/api/middleware/auth_middleware.go:14.23,18.4 3 1
github.com/scp-platform/backend/internal/api/middleware/auth_middleware.go:20.3,21.46 2 1
github.com/scp-platform/backend/internal/api/middleware/auth_middleware.go:21.46,25.4 3 1
github.com/scp-platform/backend/internal/api/middleware/auth_middleware.go:27.3,29.17 3 1
github.com/scp-platform/backend/internal/api/middleware/auth_middleware.go:29.17,33.4 3 1
github.com/scp-platform/backend/internal/api/middleware/auth_middleware.go:35.3,38.31 4 1
github.com/scp-platform/backend/internal/api/middleware/auth_middleware.go:38.31,40.4 1 1
github.com/scp-platform/backend/internal/api/middleware/auth_middleware.go:42.3,42.11 1 1
github.com/scp-platform/backend/internal/api/middleware/auth_middleware.go:46.51,47.30 1 1
github.com/scp-platform/backend/internal/api/middleware/auth_middleware.go:47.30,49.21 2 1
github.com/scp-platform/backend/internal/api/middleware/auth_middleware.go:49.21,53.4 3 1
github.com/scp-platform/backend/internal/api/middleware/auth_middleware.go:55.3,56.30 2 1
github.com/scp-platform/backend/internal/api/middleware/auth_middleware.go:56.30,57.24 1 1
github.com/scp-platform/backend/internal/api/middleware/auth_middleware.go:57.24,59.10 2 1
github.com/scp-platform/backend/internal/api/middleware/auth_middleware.go:63.3,63.15 1 1
github.com/scp-platform/backend/internal/api/middleware/auth_middleware.go:63.15,67.4 3 1
github.com/scp-platform/backend/internal/api/middleware/auth_middleware.go:69.3,69.11 1 1
github.com/scp-platform/backend/internal/api/middleware/auth_middleware.go:73.40,74.30 1 1
github.com/scp-platform/backend/internal/api/middleware/auth_middleware.go:74.30,76.23 2 1
github.com/scp-platform/backend/internal/api/middleware/auth_middleware.go:76.23,78.67 2 1
github.com/scp-platform/backend/internal/api/middleware/auth_middleware.go:78.67,82.5 3 1
github.com/scp-platform/backend/internal/api/middleware/auth_middleware.go:84.3,84.11 1 1
github.com/scp-platform/backend/internal/api/middleware/cors_middleware.go:7.62,8.30 1 1
github.com/scp-platform/backend/internal/api/middleware/cors_middleware.go:8.30,13.48 3 1
github.com/scp-platform/backend/internal/api/middleware/cors_middleware.go:13.48,14.55 1 1
github.com/scp-platform/backend/internal/api/middleware/cors_middleware.go:14.55,16.10 2 1
github.com/scp-platform/backend/internal/api/middleware/cors_middleware.go:20.3,20.14 1 1
github.com/scp-platform/backend/internal/api/middleware/cors_middleware.go:20.14,22.4 1 1
github.com/scp-platform/backend/internal/api/middleware/cors_middleware.go:24.3,28.36 4 1
github.com/scp-platform/backend/internal/api/middleware/cors_middleware.go:28.36,31.4 2 1
github.com/scp-platform/backend/internal/api/middleware/cors_middleware.go:33.3,33.11 1 1
github.com/scp-platform/backend/internal/api/middleware/error_middleware.go:9.40,10.30 1 1
github.com/scp-platform/backend/internal/api/middleware/error_middleware.go:10.30,13.24 2 1
github.com/scp-platform/backend/internal/api/middleware/error_middleware.go:13.24,22.4 2 1
github.com/scp-platform/backend/internal/api/middleware/logging_middleware.go:30.13,32.19 2 1
github.com/scp-platform/backend/internal/api/middleware/logging_middleware.go:32.19,35.17 3 0
github.com/scp-platform/backend/internal/api/middleware/logging_middleware.go:35.17,37.4 1 0
github.com/scp-platform/backend/internal/api/middleware/logging_middleware.go:41.42,44.75 2 0
github.com/scp-platform/backend/internal/api/middleware/logging_middleware.go:44.75,48.26 3 0
github.com/scp-platform/backend/internal/api/middleware/logging_middleware.go:48.26,60.32 2 0
github.com/scp-platform/backend/internal/api/middleware/logging_middleware.go:60.32,62.5 1 0
github.com/scp-platform/backend/internal/api/middleware/logging_middleware.go:64.4,65.18 2 0
github.com/scp-platform/backend/internal/api/middleware/logging_middleware.go:65.18,67.5 1 0
github.com/scp-platform/backend/internal/api/middleware/logging_middleware.go:67.10,80.5 1 0
github.com/scp-platform/backend/internal/api/middleware/logging_middleware.go:81.9,94.4 1 0
github.com/scp-platform/backend/internal/api/middleware/logging_middleware.go:97.3,97.27 1 0
github.com/scp-platform/backend/internal/api/middleware/logging_middleware.go:97.27,101.4 3 0
github.com/scp-platform/backend/internal/api/middleware/logging_middleware.go:103.3,103.17 1 0
github.com/scp-platform/backend/internal/api/middleware/logging_middleware.go:107.41,108.23 1 0
github.com/scp-platform/backend/internal/api/middleware/logging_middleware.go:108.23,110.3 1 0
github.com/scp-platform/backend/internal/api/middleware/logging_middleware.go:110.8,110.30 1 0
github.com/scp-platform/backend/internal/api/middleware/logging_middleware.go:110.30,112.3 1 0
github.com/scp-platform/backend/internal/api/middleware/logging_middleware.go:113.2,113.15 1 0
github.com/scp-platform/backend/internal/api/handlers/auth_handler.go:19.106,24.2 1 0
github.com/scp-platform/backend/internal/api/handlers/auth_handler.go:26.45,33.47 2 0
github.com/scp-platform/backend/internal/api/handlers/auth_handler.go:33.47,36.3 2 0
github.com/scp-platform/backend/internal/api/handlers/auth_handler.go:38.2,39.16 2 0
github.com/scp-platform/backend/internal/api/handlers/auth_handler.go:39.16,42.3 2 0
github.com/scp-platform/backend/internal/api/handlers/auth_handler.go:44.2,45.16 2 0
github.com/scp-platform/backend/internal/api/handlers/auth_handler.go:45.16,48.3 2 0
github.com/scp-platform/backend/internal/api/handlers/auth_handler.go:51.2,58.4 2 0
github.com/scp-platform/backend/internal/api/handlers/auth_handler.go:61.52,66.47 2 0
github.com/scp-platform/backend/internal/api/handlers/auth_handler.go:66.47,69.3 2 0
github.com/scp-platform/backend/internal/api/handlers/auth_handler.go:71.2,72.16 2 0
github.com/scp-platform/backend/internal/api/handlers/auth_handler.go:72.16,75.3 2 0
github.com/scp-platform/backend/internal/api/handlers/auth_handler.go:78.2,80.4 1 0
github.com/scp-platform/backend/internal/api/handlers/auth_handler.go:83.54,87.16 3 0
github.com/scp-platform/backend/internal/api/handlers/auth_handler.go:87.16,90.3 2 0
github.com/scp-platform/backend/internal/api/handlers/auth_handler.go:92.2,94.29 2 0
github.com/scp-platform/backend/internal/api/handlers/auth_handler.go:97.46,100.2 1 0
github.com/scp-platform/backend/internal/api/handlers/auth_handler.go:102.50,112.47 2 0
github.com/scp-platform/backend/internal/api/handlers/auth_handler.go:112.47,115.3 2 0
github.com/scp-platform/backend/internal/api/handlers/auth_handler.go:118.2,119.16 2 0
github.com/scp-platform/backend/internal/api/handlers/auth_handler.go:119.16,122.3 2 0
github.com/scp-platform/backend/internal/api/handlers/auth_handler.go:124.2,125.16 2 0
github.com/scp-platform/backend/internal/api/handlers/auth_handler.go:125.16,128.3 2 0
github.com/scp-platform/backend/internal/api/handlers/auth_handler.go:130.2,139.48 2 0
github.com/scp-platform/backend/internal/api/handlers/auth_handler.go:139.48,142.3 2 0
github.com/scp-platform/backend/internal/api/handlers/auth_handler.go:144.2,146.34 2 0
github.com/scp-platform/backend/internal/api/handlers/auth_handler.go:149.48,151.22 2 0
github.com/scp-platform/backend/internal/api/handlers/auth_handler.go:151.22,154.3 2 0
github.com/scp-platform/backend/internal/api/handlers/auth_handler.go:156.2,157.16 2 0
github.com/scp-platform/backend/internal/api/handlers/auth_handler.go:157.16,160.3 2 0
github.com/scp-platform/backend/internal/api/handlers/auth_handler.go:163.2,163.23 1 0
github.com/scp-platform/backend/internal/api/handlers/auth_handler.go:163.23,165.3 1 0
github.com/scp-platform/backend/internal/api/handlers/auth_handler.go:168.2,168.30 1 0
github.com/scp-platform/backend/internal/api/handlers/auth_handler.go:171.50,175.29 3 0
github.com/scp-platform/backend/internal/api/handlers/auth_handler.go:175.29,178.3 2 0
github.com/scp-platform/backend/internal/api/handlers/auth_handler.go:180.2,180.50 1 0
github.com/scp-platform/backend/internal/api/handlers/auth_handler.go:180.50,183.3 2 0
github.com/scp-platform/backend/internal/api/handlers/auth_handler.go:185.2,185.87 1 0
github.com/scp-platform/backend/internal/api/handlers/auth_handler.go:188.46,193.2 1 1
github.com/scp-platform/backend/internal/api/handlers/auth_handler.go:195.42,203.2 1 1
github.com/scp-platform/backend/internal/api/handlers/auth_handler.go:205.78,207.21 2 1
github.com/scp-platform/backend/internal/api/handlers/auth_handler.go:207.21,209.3 1 0
github.com/scp-platform/backend/internal/api/handlers/auth_handler.go:211.2,219.3 1 1
github.com/scp-platform/backend/internal/api/handlers/auth_handler.go:222.49,226.14 3 1
github.com/scp-platform/backend/internal/api/handlers/auth_handler.go:226.14,228.3 1 1
github.com/scp-platform/backend/internal/api/handlers/auth_handler.go:229.2,229.18 1 1
github.com/scp-platform/backend/internal/api/handlers/auth_handler.go:229.18,231.3 1 1
github.com/scp-platform/backend/internal/api/handlers/auth_handler.go:232.2,232.20 1 1
github.com/scp-platform/backend/internal/api/handlers/auth_handler.go:232.20,234.3 1 1
github.com/scp-platform/backend/internal/api/handlers/auth_handler.go:236.2,236.23 1 1
github.com/scp-platform/backend/internal/api/handlers/chat_handler.go:15.124,20.2 1 1
github.com/scp-platform/backend/internal/api/handlers/chat_handler.go:22.56,29.24 5 1
github.com/scp-platform/backend/internal/api/handlers/chat_handler.go:29.24,31.3 1 1
github.com/scp-platform/backend/internal/api/handlers/chat_handler.go:31.8,31.32 1 1
github.com/scp-platform/backend/internal/api/handlers/chat_handler.go:31.32,34.3 2 1
github.com/scp-platform/backend/internal/api/handlers/chat_handler.go:34.8,37.3 2 1
github.com/scp-platform/backend/internal/api/handlers/chat_handler.go:39.2,39.16 1 1
github.com/scp-platform/backend/internal/api/handlers/chat_handler.go:39.16,42.3 2 0
github.com/scp-platform/backend/internal/api/handlers/chat_handler.go:45.2,45.100 1 1
github.com/scp-platform/backend/internal/api/handlers/chat_handler.go:48.51,53.16 4 1
github.com/scp-platform/backend/internal/api/handlers/chat_handler.go:53.16,56.3 2 0
github.com/scp-platform/backend/internal/api/handlers/chat_handler.go:58.2,58.83 1 1
github.com/scp-platform/backend/internal/api/handlers/chat_handler.go:61.51,70.47 4 0
github.com/scp-platform/backend/internal/api/handlers/chat_handler.go:70.47,73.3 2 0
github.com/scp-platform/backend/internal/api/handlers/chat_handler.go:76.2,79.30 3 0
github.com/scp-platform/backend/internal/api/handlers/chat_handler.go:79.30,81.23 2 0
github.com/scp-platform/backend/internal/api/handlers/chat_handler.go:81.23,84.4 2 0
github.com/scp-platform/backend/internal/api/handlers/chat_handler.go:85.3,85.75 1 0
github.com/scp-platform/backend/internal/api/handlers/chat_handler.go:86.8,88.23 2 0
github.com/scp-platform/backend/internal/api/handlers/chat_handler.go:88.23,91.4 2 0
github.com/scp-platform/backend/internal/api/handlers/chat_handler.go:92.3,92.93 1 0
github.com/scp-platform/backend/internal/api/handlers/chat_handler.go:95.2,95.16 1 0
github.com/scp-platform/backend/internal/api/handlers/chat_handler.go:95.16,98.3 2 0
github.com/scp-platform/backend/internal/api/handlers/chat_handler.go:100.2,109.54 2 0
github.com/scp-platform/backend/internal/api/handlers/chat_handler.go:109.54,112.3 2 0
github.com/scp-platform/backend/internal/api/handlers/chat_handler.go:115.2,117.54 2 0
github.com/scp-platform/backend/internal/api/handlers/chat_handler.go:120.58,124.73 3 0
github.com/scp-platform/backend/internal/api/handlers/chat_handler.go:124.73,127.3 2 0
github.com/scp-platform/backend/internal/api/handlers/chat_handler.go:129.2,129.85 1 0
github.com/scp-platform/backend/internal/api/handlers/complaint_handler.go:16.91,20.2 1 0
github.com/scp-platform/backend/internal/api/handlers/complaint_handler.go:22.60,34.47 3 0
github.com/scp-platform/backend/internal/api/handlers/complaint_handler.go:34.47,37.3 2 0
github.com/scp-platform/backend/internal/api/handlers/complaint_handler.go:39.2,50.58 2 0
github.com/scp-platform/backend/internal/api/handlers/complaint_handler.go:50.58,53.3 2 0
github.com/scp-platform/backend/internal/api/handlers/complaint_handler.go:55.2,55.56 1 0
github.com/scp-platform/backend/internal/api/handlers/complaint_handler.go:58.58,64.16 5 0
github.com/scp-platform/backend/internal/api/handlers/complaint_handler.go:64.16,67.3 2 0
github.com/scp-platform/backend/internal/api/handlers/complaint_handler.go:69.2,69.77 1 0
github.com/scp-platform/backend/internal/api/handlers/complaint_handler.go:72.62,77.16 4 0
github.com/scp-platform/backend/internal/api/handlers/complaint_handler.go:77.16,80.3 2 0
github.com/scp-platform/backend/internal/api/handlers/complaint_handler.go:82.2,87.58 5 0
github.com/scp-platform/backend/internal/api/handlers/complaint_handler.go:87.58,90.3 2 0
github.com/scp-platform/backend/internal/api/handlers/complaint_handler.go:92.2,92.51 1 0
github.com/scp-platform/backend/internal/api/handlers/complaint_handler.go:95.61,102.47 3 0
github.com/scp-platform/backend/internal/api/handlers/complaint_handler.go:102.47,105.3 2 0
github.com/scp-platform/backend/internal/api/handlers/complaint_handler.go:107.2,108.16 2 0
github.com/scp-platform/backend/internal/api/handlers/complaint_handler.go:108.16,111.3 2 0
github.com/scp-platform/backend/internal/api/handlers/complaint_handler.go:113.2,118.58 5 0
github.com/scp-platform/backend/internal/api/handlers/complaint_handler.go:118.58,121.3 2 0
github.com/scp-platform/backend/internal/api/handlers/complaint_handler.go:123.2,123.51 1 0
github.com/scp-platform/backend/internal/api/handlers/consumer_handler.go:24.20,31.2 1 0
github.com/scp-platform/backend/internal/api/handlers/consumer_handler.go:33.56,37.16 3 0
github.com/scp-platform/backend/internal/api/handlers/consumer_handler.go:37.16,40.3 2 0
github.com/scp-platform/backend/internal/api/handlers/consumer_handler.go:42.2,42.76 1 0
github.com/scp-platform/backend/internal/api/handlers/consumer_handler.go:45.55,49.16 3 0
github.com/scp-platform/backend/internal/api/handlers/consumer_handler.go:49.16,52.3 2 0
github.com/scp-platform/backend/internal/api/handlers/consumer_handler.go:55.2,55.33 1 0
github.com/scp-platform/backend/internal/api/handlers/consumer_handler.go:58.55,63.16 4 0
github.com/scp-platform/backend/internal/api/handlers/consumer_handler.go:63.16,66.3 2 0
github.com/scp-platform/backend/internal/api/handlers/consumer_handler.go:68.2,74.48 2 0
github.com/scp-platform/backend/internal/api/handlers/consumer_handler.go:74.48,77.3 2 0
github.com/scp-platform/backend/internal/api/handlers/consumer_handler.go:80.2,80.34 1 0
github.com/scp-platform/backend/internal/api/handlers/consumer_handler.go:83.60,87.16 3 0
github.com/scp-platform/backend/internal/api/handlers/consumer_handler.go:87.16,90.3 2 0
github.com/scp-platform/backend/internal/api/handlers/consumer_handler.go:93.2,93.30 1 0
github.com/scp-platform/backend/internal/api/handlers/consumer_handler.go:96.62,101.16 4 0
github.com/scp-platform/backend/internal/api/handlers/consumer_handler.go:101.16,104.3 2 0
github.com/scp-platform/backend/internal/api/handlers/consumer_handler.go:107.2,108.29 2 0
github.com/scp-platform/backend/internal/api/handlers/consumer_handler.go:108.29,109.32 1 0
github.com/scp-platform/backend/internal/api/handlers/consumer_handler.go:109.32,111.76 1 0
github.com/scp-platform/backend/internal/api/handlers/consumer_handler.go:111.76,113.5 1 0
github.com/scp-platform/backend/internal/api/handlers/consumer_handler.go:117.2,117.93 1 0
github.com/scp-platform/backend/internal/api/handlers/consumer_handler.go:120.55,125.16 4 0
github.com/scp-platform/backend/internal/api/handlers/consumer_handler.go:125.16,128.3 2 0
github.com/scp-platform/backend/internal/api/handlers/consumer_handler.go:130.2,130.35 1 0
github.com/scp-platform/backend/internal/api/handlers/consumer_handler.go:130.35,133.3 2 0
github.com/scp-platform/backend/internal/api/handlers/consumer_handler.go:135.2,135.51 1 0
github.com/scp-platform/backend/internal/api/handlers/consumer_handler.go:135.51,138.3 2 0
github.com/scp-platform/backend/internal/api/handlers/consumer_handler.go:140.2,142.29 2 0
github.com/scp-platform/backend/internal/api/handlers/consumer_handler.go:145.54,150.16 4 0
github.com/scp-platform/backend/internal/api/handlers/consumer_handler.go:150.16,153.3 2 0
github.com/scp-platform/backend/internal/api/handlers/consumer_handler.go:155.2,155.35 1 0
github.com/scp-platform/backend/internal/api/handlers/consumer_handler.go:155.35,158.3 2 0
github.com/scp-platform/backend/internal/api/handlers/consumer_handler.go:160.2,160.50 1 0
github.com/scp-platform/backend/internal/api/handlers/consumer_handler.go:160.50,163.3 2 0
github.com/scp-platform/backend/internal/api/handlers/consumer_handler.go:165.2,167.29 2 0
github.com/scp-platform/backend/internal/api/handlers/consumer_handler.go:170.53,175.16 4 0
github.com/scp-platform/backend/internal/api/handlers/consumer_handler.go:175.16,178.3 2 0
github.com/scp-platform/backend/internal/api/handlers/consumer_handler.go:180.2,180.35 1 0
github.com/scp-platform/backend/internal/api/handlers/consumer_handler.go:180.35,183.3 2 0
github.com/scp-platform/backend/internal/api/handlers/consumer_handler.go:185.2,185.49 1 0
github.com/scp-platform/backend/internal/api/handlers/consumer_handler.go:185.49,188.3 2 0
github.com/scp-platform/backend/internal/api/handlers/consumer_handler.go:190.2,192.29 2 0
github.com/scp-platform/backend/internal/api/handlers/consumer_handler.go:195.71,200.16 4 0
github.com/scp-platform/backend/internal/api/handlers/consumer_handler.go:200.16,203.3 2 0
github.com/scp-platform/backend/internal/api/handlers/consumer_handler.go:205.2,205.72 1 0
github.com/scp-platform/backend/internal/api/handlers/dashboard_handler.go:14.89,18.2 1 0
github.com/scp-platform/backend/internal/api/handlers/dashboard_handler.go:20.53,24.16 3 0
github.com/scp-platform/backend/internal/api/handlers/dashboard_handler.go:24.16,27.3 2 0
github.com/scp-platform/backend/internal/api/handlers/dashboard_handler.go:29.2,29.47 1 0
github.com/scp-platform/backend/internal/api/handlers/order_handler.go:15.108,20.2 1 1
github.com/scp-platform/backend/internal/api/handlers/order_handler.go:22.52,33.47 3 1
github.com/scp-platform/backend/internal/api/handlers/order_handler.go:33.47,36.3 2 0
github.com/scp-platform/backend/internal/api/handlers/order_handler.go:38.2,43.33 2 1
github.com/scp-platform/backend/internal/api/handlers/order_handler.go:43.33,48.3 1 1
github.com/scp-platform/backend/internal/api/handlers/order_handler.go:50.2,51.16 2 1
github.com/scp-platform/backend/internal/api/handlers/order_handler.go:51.16,54.3 2 0
github.com/scp-platform/backend/internal/api/handlers/order_handler.go:57.2,57.35 1 1
github.com/scp-platform/backend/internal/api/handlers/order_handler.go:60.50,65.16 4 1
github.com/scp-platform/backend/internal/api/handlers/order_handler.go:65.16,68.3 2 0
github.com/scp-platform/backend/internal/api/handlers/order_handler.go:70.2,70.73 1 1
github.com/scp-platform/backend/internal/api/handlers/order_handler.go:73.49,78.16 4 0
github.com/scp-platform/backend/internal/api/handlers/order_handler.go:78.16,81.3 2 0
github.com/scp-platform/backend/internal/api/handlers/order_handler.go:83.2,83.32 1 0
github.com/scp-platform/backend/internal/api/handlers/order_handler.go:83.32,86.3 2 0
github.com/scp-platform/backend/internal/api/handlers/order_handler.go:89.2,89.30 1 0
github.com/scp-platform/backend/internal/api/handlers/order_handler.go:92.58,97.16 4 0
github.com/scp-platform/backend/internal/api/handlers/order_handler.go:97.16,100.3 2 0
github.com/scp-platform/backend/internal/api/handlers/order_handler.go:102.2,102.73 1 0
github.com/scp-platform/backend/internal/api/handlers/order_handler.go:105.52,109.72 3 0
github.com/scp-platform/backend/internal/api/handlers/order_handler.go:109.72,112.3 2 0
github.com/scp-platform/backend/internal/api/handlers/order_handler.go:114.2,116.30 2 0
github.com/scp-platform/backend/internal/api/handlers/order_handler.go:119.52,123.72 3 0
github.com/scp-platform/backend/internal/api/handlers/order_handler.go:123.72,126.3 2 0
github.com/scp-platform/backend/internal/api/handlers/order_handler.go:128.2,130.30 2 0
github.com/scp-platform/backend/internal/api/handlers/order_handler.go:133.57,138.16 4 1
github.com/scp-platform/backend/internal/api/handlers/order_handler.go:138.16,141.3 2 0
github.com/scp-platform/backend/internal/api/handlers/order_handler.go:144.2,145.31 2 1
github.com/scp-platform/backend/internal/api/handlers/order_handler.go:145.31,146.62 1 1
github.com/scp-platform/backend/internal/api/handlers/order_handler.go:146.62,148.4 1 1
github.com/scp-platform/backend/internal/api/handlers/order_handler.go:151.2,151.93 1 1
github.com/scp-platform/backend/internal/api/handlers/order_handler.go:154.52,159.16 4 0
github.com/scp-platform/backend/internal/api/handlers/order_handler.go:159.16,162.3 2 0
github.com/scp-platform/backend/internal/api/handlers/order_handler.go:164.2,164.36 1 0
github.com/scp-platform/backend/internal/api/handlers/order_handler.go:164.36,167.3 2 0
github.com/scp-platform/backend/internal/api/handlers/order_handler.go:169.2,169.31 1 0
github.com/scp-platform/backend/internal/api/handlers/order_handler.go:169.31,172.3 2 0
github.com/scp-platform/backend/internal/api/handlers/order_handler.go:174.2,175.50 2 0
github.com/scp-platform/backend/internal/api/handlers/order_handler.go:175.50,178.3 2 0
github.com/scp-platform/backend/internal/api/handlers/order_handler.go:181.2,181.30 1 0
github.com/scp-platform/backend/internal/api/handlers/product_handler.go:15.83,19.2 1 0
github.com/scp-platform/backend/internal/api/handlers/product_handler.go:21.54,26.16 4 0
github.com/scp-platform/backend/internal/api/handlers/product_handler.go:26.16,29.3 2 0
github.com/scp-platform/backend/internal/api/handlers/product_handler.go:31.2,31.75 1 0
github.com/scp-platform/backend/internal/api/handlers/product_handler.go:34.62,46.22 7 0
github.com/scp-platform/backend/internal/api/handlers/product_handler.go:46.22,48.3 1 0
github.com/scp-platform/backend/internal/api/handlers/product_handler.go:48.8,50.3 1 0
github.com/scp-platform/backend/internal/api/handlers/product_handler.go:52.2,52.16 1 0
github.com/scp-platform/backend/internal/api/handlers/product_handler.go:52.16,55.3 2 0
github.com/scp-platform/backend/internal/api/handlers/product_handler.go:57.2,57.75 1 0
github.com/scp-platform/backend/internal/api/handlers/product_handler.go:60.53,64.16 3 0
github.com/scp-platform/backend/internal/api/handlers/product_handler.go:64.16,67.3 2 0
github.com/scp-platform/backend/internal/api/handlers/product_handler.go:70.2,70.32 1 0
github.com/scp-platform/backend/internal/api/handlers/product_handler.go:73.56,87.47 3 0
github.com/scp-platform/backend/internal/api/handlers/product_handler.go:87.47,90.3 2 0
github.com/scp-platform/backend/internal/api/handlers/product_handler.go:92.2,92.71 1 0
github.com/scp-platform/backend/internal/api/handlers/product_handler.go:92.71,95.3 2 0
github.com/scp-platform/backend/internal/api/handlers/product_handler.go:97.2,109.54 2 0
github.com/scp-platform/backend/internal/api/handlers/product_handler.go:109.54,112.3 2 0
github.com/scp-platform/backend/internal/api/handlers/product_handler.go:115.2,115.37 1 0
github.com/scp-platform/backend/internal/api/handlers/product_handler.go:118.56,123.16 4 0
github.com/scp-platform/backend/internal/api/handlers/product_handler.go:123.16,126.3 2 0
github.com/scp-platform/backend/internal/api/handlers/product_handler.go:128.2,128.38 1 0
github.com/scp-platform/backend/internal/api/handlers/product_handler.go:128.38,131.3 2 0
github.com/scp-platform/backend/internal/api/handlers/product_handler.go:133.2,144.47 2 0
github.com/scp-platform/backend/internal/api/handlers/product_handler.go:144.47,147.3 2 0
github.com/scp-platform/backend/internal/api/handlers/product_handler.go:149.2,149.21 1 0
github.com/scp-platform/backend/internal/api/handlers/product_handler.go:149.21,151.3 1 0
github.com/scp-platform/backend/internal/api/handlers/product_handler.go:152.2,152.28 1 0
github.com/scp-platform/backend/internal/api/handlers/product_handler.go:152.28,154.3 1 0
github.com/scp-platform/backend/internal/api/handlers/product_handler.go:155.2,155.25 1 0
github.com/scp-platform/backend/internal/api/handlers/product_handler.go:155.25,157.3 1 0
github.com/scp-platform/backend/internal/api/handlers/product_handler.go:158.2,158.21 1 0
github.com/scp-platform/backend/internal/api/handlers/product_handler.go:158.21,160.3 1 0
github.com/scp-platform/backend/internal/api/handlers/product_handler.go:161.2,161.22 1 0
github.com/scp-platform/backend/internal/api/handlers/product_handler.go:161.22,163.3 1 0
github.com/scp-platform/backend/internal/api/handlers/product_handler.go:164.2,164.25 1 0
github.com/scp-platform/backend/internal/api/handlers/product_handler.go:164.25,165.47 1 0
github.com/scp-platform/backend/internal/api/handlers/product_handler.go:165.47,168.4 2 0
github.com/scp-platform/backend/internal/api/handlers/product_handler.go:169.3,169.34 1 0
github.com/scp-platform/backend/internal/api/handlers/product_handler.go:171.2,171.27 1 0
github.com/scp-platform/backend/internal/api/handlers/product_handler.go:171.27,173.3 1 0
github.com/scp-platform/backend/internal/api/handlers/product_handler.go:174.2,174.33 1 0
github.com/scp-platform/backend/internal/api/handlers/product_handler.go:174.33,176.3 1 0
github.com/scp-platform/backend/internal/api/handlers/product_handler.go:178.2,178.54 1 0
github.com/scp-platform/backend/internal/api/handlers/product_handler.go:178.54,181.3 2 0
github.com/scp-platform/backend/internal/api/handlers/product_handler.go:184.2,184.32 1 0
github.com/scp-platform/backend/internal/api/handlers/product_handler.go:187.56,192.16 4 0
github.com/scp-platform/backend/internal/api/handlers/product_handler.go:192.16,195.3 2 0
github.com/scp-platform/backend/internal/api/handlers/product_handler.go:197.2,197.38 1 0
github.com/scp-platform/backend/internal/api/handlers/product_handler.go:197.38,200.3 2 0
github.com/scp-platform/backend/internal/api/handlers/product_handler.go:202.2,202.56 1 0
github.com/scp-platform/backend/internal/api/handlers/product_handler.go:202.56,205.3 2 0
github.com/scp-platform/backend/internal/api/handlers/product_handler.go:207.2,207.90 1 0
github.com/scp-platform/backend/internal/api/handlers/product_handler.go:210.61,218.47 3 0
github.com/scp-platform/backend/internal/api/handlers/product_handler.go:218.47,221.3 2 0
github.com/scp-platform/backend/internal/api/handlers/product_handler.go:223.2,224.16 2 0
github.com/scp-platform/backend/internal/api/handlers/product_handler.go:224.16,227.3 2 0
github.com/scp-platform/backend/internal/api/handlers/product_handler.go:229.2,229.50 1 0
github.com/scp-platform/backend/internal/api/handlers/upload_handler.go:17.56,21.2 1 0
github.com/scp-platform/backend/internal/api/handlers/upload_handler.go:23.52,25.16 2 0
github.com/scp-platform/backend/internal/api/handlers/upload_handler.go:25.16,28.3 2 0
github.com/scp-platform/backend/internal/api/handlers/upload_handler.go:31.2,34.41 4 0
github.com/scp-platform/backend/internal/api/handlers/upload_handler.go:34.41,35.24 1 0
github.com/scp-platform/backend/internal/api/handlers/upload_handler.go:35.24,37.9 2 0
github.com/scp-platform/backend/internal/api/handlers/upload_handler.go:41.2,41.14 1 0
github.com/scp-platform/backend/internal/api/handlers/upload_handler.go:41.14,44.3 2 0
github.com/scp-platform/backend/internal/api/handlers/upload_handler.go:47.2,47.30 1 0
github.com/scp-platform/backend/internal/api/handlers/upload_handler.go:47.30,50.3 2 0
github.com/scp-platform/backend/internal/api/handlers/upload_handler.go:53.2,57.59 3 0
github.com/scp-platform/backend/internal/api/handlers/upload_handler.go:57.59,60.3 2 0
github.com/scp-platform/backend/internal/api/handlers/upload_handler.go:63.2,64.59 2 0
github.com/scp-platform/backend/internal/api/handlers/websocket_handler.go:12.42,14.3 1 0
github.com/scp-platform/backend/internal/api/handlers/websocket_handler.go:21.64,25.2 1 0
github.com/scp-platform/backend/internal/api/handlers/websocket_handler.go:27.60,29.16 2 0
github.com/scp-platform/backend/internal/api/handlers/websocket_handler.go:29.16,31.3 1 0
github.com/scp-platform/backend/internal/api/handlers/websocket_handler.go:33.2,49.19 7 0
github.com/scp-platform/backend/internal/repository/canned_reply_repository.go:15.67,17.2 1 0
github.com/scp-platform/backend/internal/repository/canned_reply_repository.go:19.81,22.16 3 0
github.com/scp-platform/backend/internal/repository/canned_reply_repository.go:22.16,24.3 1 0
github.com/scp-platform/backend/internal/repository/canned_reply_repository.go:25.2,25.20 1 0
github.com/scp-platform/backend/internal/repository/canned_reply_repository.go:28.98,36.2 3 0
github.com/scp-platform/backend/internal/repository/canned_reply_repository.go:38.73,46.2 4 0
github.com/scp-platform/backend/internal/repository/canned_reply_repository.go:48.73,59.2 4 0
github.com/scp-platform/backend/internal/repository/canned_reply_repository.go:61.57,64.2 2 0
github.com/scp-platform/backend/internal/repository/complaint_repository.go:15.63,17.2 1 0
github.com/scp-platform/backend/internal/repository/complaint_repository.go:19.77,22.16 3 0
github.com/scp-platform/backend/internal/repository/complaint_repository.go:22.16,24.3 1 0
github.com/scp-platform/backend/internal/repository/complaint_repository.go:25.2,25.24 1 0
github.com/scp-platform/backend/internal/repository/complaint_repository.go:28.73,39.2 5 0
github.com/scp-platform/backend/internal/repository/complaint_repository.go:41.73,55.2 4 0
github.com/scp-platform/backend/internal/repository/complaint_repository.go:57.134,64.18 5 0
github.com/scp-platform/backend/internal/repository/complaint_repository.go:64.18,67.3 2 0
github.com/scp-platform/backend/internal/repository/complaint_repository.go:69.2,70.16 2 0
github.com/scp-platform/backend/internal/repository/complaint_repository.go:70.16,72.3 1 0
github.com/scp-platform/backend/internal/repository/complaint_repository.go:74.2,77.18 3 0
github.com/scp-platform/backend/internal/repository/complaint_repository.go:77.18,80.3 2 0
github.com/scp-platform/backend/internal/repository/complaint_repository.go:82.2,84.18 3 0
github.com/scp-platform/backend/internal/repository/complaint_repository.go:84.18,87.3 2 0
github.com/scp-platform/backend/internal/repository/complaint_repository.go:87.8,89.3 1 0
github.com/scp-platform/backend/internal/repository/complaint_repository.go:91.2,92.31 2 0
github.com/scp-platform/backend/internal/repository/consumer_link_repository.go:15.69,17.2 1 0
github.com/scp-platform/backend/internal/repository/consumer_link_repository.go:19.83,22.16 3 0
github.com/scp-platform/backend/internal/repository/consumer_link_repository.go:22.16,24.3 1 0
github.com/scp-platform/backend/internal/repository/consumer_link_repository.go:25.2,25.19 1 0
github.com/scp-platform/backend/internal/repository/consumer_link_repository.go:28.120,34.16 3 0
github.com/scp-platform/backend/internal/repository/consumer_link_repository.go:34.16,36.3 1 0
github.com/scp-platform/backend/internal/repository/consumer_link_repository.go:37.2,37.19 1 0
github.com/scp-platform/backend/internal/repository/consumer_link_repository.go:40.74,50.2 5 0
github.com/scp-platform/backend/internal/repository/consumer_link_repository.go:52.74,61.2 2 0
github.com/scp-platform/backend/internal/repository/consumer_link_repository.go:63.100,76.2 3 0
github.com/scp-platform/backend/internal/repository/consumer_link_repository.go:78.125,83.16 4 0
github.com/scp-platform/backend/internal/repository/consumer_link_repository.go:83.16,85.3 1 0
github.com/scp-platform/backend/internal/repository/consumer_link_repository.go:87.2,99.26 3 0
github.com/scp-platform/backend/internal/repository/consumer_link_repository.go:102.59,110.2 3 0
github.com/scp-platform/backend/internal/repository/consumer_link_repository.go:112.58,119.2 2 0
github.com/scp-platform/backend/internal/repository/consumer_link_repository.go:121.57,129.2 3 0
github.com/scp-platform/backend/internal/repository/conversation_repository.go:15.69,17.2 1 0
github.com/scp-platform/backend/internal/repository/conversation_repository.go:19.83,22.16 3 0
github.com/scp-platform/backend/internal/repository/conversation_repository.go:22.16,24.3 1 0
github.com/scp-platform/backend/internal/repository/conversation_repository.go:25.2,25.19 1 0
github.com/scp-platform/backend/internal/repository/conversation_repository.go:28.107,35.16 3 0
github.com/scp-platform/backend/internal/repository/conversation_repository.go:35.16,37.3 1 0
github.com/scp-platform/backend/internal/repository/conversation_repository.go:40.2,52.16 7 0
github.com/scp-platform/backend/internal/repository/conversation_repository.go:52.16,54.3 1 0
github.com/scp-platform/backend/internal/repository/conversation_repository.go:57.2,62.19 2 0
github.com/scp-platform/backend/internal/repository/conversation_repository.go:65.100,77.2 3 0
github.com/scp-platform/backend/internal/repository/conversation_repository.go:79.100,92.2 3 0
github.com/scp-platform/backend/internal/repository/conversation_repository.go:94.81,101.2 2 0
github.com/scp-platform/backend/internal/repository/conversation_repository.go:103.103,104.30 1 0
github.com/scp-platform/backend/internal/repository/conversation_repository.go:104.30,112.3 2 0
github.com/scp-platform/backend/internal/repository/conversation_repository.go:114.2,114.12 1 0
github.com/scp-platform/backend/internal/repository/conversation_repository.go:117.97,118.28 1 0
github.com/scp-platform/backend/internal/repository/conversation_repository.go:118.28,126.3 2 0
github.com/scp-platform/backend/internal/repository/conversation_repository.go:127.2,127.12 1 0
github.com/scp-platform/backend/internal/repository/database.go:14.100,19.16 3 0
github.com/scp-platform/backend/internal/repository/database.go:19.16,21.3 1 0
github.com/scp-platform/backend/internal/repository/database.go:23.2,23.34 1 0
github.com/scp-platform/backend/internal/repository/database.go:23.34,25.3 1 0
github.com/scp-platform/backend/internal/repository/database.go:27.2,27.31 1 0
github.com/scp-platform/backend/internal/repository/database.go:30.34,32.2 1 0
github.com/scp-platform/backend/internal/repository/message_repository.go:15.59,17.2 1 0
github.com/scp-platform/backend/internal/repository/message_repository.go:19.67,27.2 4 0
github.com/scp-platform/backend/internal/repository/message_repository.go:29.118,45.2 4 0
github.com/scp-platform/backend/internal/repository/message_repository.go:47.84,54.2 2 0
github.com/scp-platform/backend/internal/repository/notification_repository.go:15.69,17.2 1 0
github.com/scp-platform/backend/internal/repository/notification_repository.go:19.82,27.2 4 0
github.com/scp-platform/backend/internal/repository/notification_repository.go:29.117,34.16 4 0
github.com/scp-platform/backend/internal/repository/notification_repository.go:34.16,36.3 1 0
github.com/scp-platform/backend/internal/repository/notification_repository.go:38.2,45.34 3 0
github.com/scp-platform/backend/internal/repository/notification_repository.go:48.62,56.2 3 0
github.com/scp-platform/backend/internal/repository/notification_repository.go:58.69,66.2 3 0
github.com/scp-platform/backend/internal/repository/order_repository.go:15.55,17.2 1 0
github.com/scp-platform/backend/internal/repository/order_repository.go:19.69,22.16 3 0
github.com/scp-platform/backend/internal/repository/order_repository.go:22.16,24.3 1 0
github.com/scp-platform/backend/internal/repository/order_repository.go:26.2,27.16 2 0
github.com/scp-platform/backend/internal/repository/order_repository.go:27.16,29.3 1 0
github.com/scp-platform/backend/internal/repository/order_repository.go:31.2,31.20 1 0
github.com/scp-platform/backend/internal/repository/order_repository.go:34.85,48.2 3 0
github.com/scp-platform/backend/internal/repository/order_repository.go:50.61,52.16 2 0
github.com/scp-platform/backend/internal/repository/order_repository.go:52.16,54.3 1 0
github.com/scp-platform/backend/internal/repository/order_repository.go:55.2,65.16 6 0
github.com/scp-platform/backend/internal/repository/order_repository.go:65.16,67.3 1 0
github.com/scp-platform/backend/internal/repository/order_repository.go:69.2,69.35 1 0
github.com/scp-platform/backend/internal/repository/order_repository.go:69.35,77.17 5 0
github.com/scp-platform/backend/internal/repository/order_repository.go:77.17,79.4 1 0
github.com/scp-platform/backend/internal/repository/order_repository.go:82.2,82.36 1 0
github.com/scp-platform/backend/internal/repository/order_repository.go:82.36,84.3 1 0
github.com/scp-platform/backend/internal/repository/order_repository.go:86.2,89.12 3 0
github.com/scp-platform/backend/internal/repository/order_repository.go:92.111,97.16 4 0
github.com/scp-platform/backend/internal/repository/order_repository.go:97.16,99.3 1 0
github.com/scp-platform/backend/internal/repository/order_repository.go:101.2,108.16 3 0
github.com/scp-platform/backend/internal/repository/order_repository.go:108.16,110.3 1 0
github.com/scp-platform/backend/internal/repository/order_repository.go:112.2,112.24 1 0
github.com/scp-platform/backend/internal/repository/order_repository.go:112.24,115.3 2 0
github.com/scp-platform/backend/internal/repository/order_repository.go:117.2,117.27 1 0
github.com/scp-platform/backend/internal/repository/order_repository.go:120.111,125.16 4 0
github.com/scp-platform/backend/internal/repository/order_repository.go:125.16,127.3 1 0
github.com/scp-platform/backend/internal/repository/order_repository.go:129.2,136.16 3 0
github.com/scp-platform/backend/internal/repository/order_repository.go:136.16,138.3 1 0
github.com/scp-platform/backend/internal/repository/order_repository.go:140.2,140.24 1 0
github.com/scp-platform/backend/internal/repository/order_repository.go:140.24,143.3 2 0
github.com/scp-platform/backend/internal/repository/order_repository.go:145.2,145.27 1 0
github.com/scp-platform/backend/internal/repository/order_repository.go:148.61,158.2 4 0
github.com/scp-platform/backend/internal/repository/product_repository.go:16.59,18.2 1 0
github.com/scp-platform/backend/internal/repository/product_repository.go:20.73,28.16 3 0
github.com/scp-platform/backend/internal/repository/product_repository.go:28.16,30.3 1 0
github.com/scp-platform/backend/internal/repository/product_repository.go:31.2,31.22 1 0
github.com/scp-platform/backend/internal/repository/product_repository.go:34.113,39.16 4 0
github.com/scp-platform/backend/internal/repository/product_repository.go:39.16,41.3 1 0
github.com/scp-platform/backend/internal/repository/product_repository.go:43.2,50.29 3 0
github.com/scp-platform/backend/internal/repository/product_repository.go:53.136,64.16 5 0
github.com/scp-platform/backend/internal/repository/product_repository.go:64.16,66.3 1 0
github.com/scp-platform/backend/internal/repository/product_repository.go:68.2,78.29 4 0
github.com/scp-platform/backend/internal/repository/product_repository.go:81.116,92.16 5 0
github.com/scp-platform/backend/internal/repository/product_repository.go:92.16,94.3 1 0
github.com/scp-platform/backend/internal/repository/product_repository.go:96.2,106.29 4 0
github.com/scp-platform/backend/internal/repository/product_repository.go:109.67,119.2 4 0
github.com/scp-platform/backend/internal/repository/product_repository.go:121.67,138.2 4 0
github.com/scp-platform/backend/internal/repository/product_repository.go:140.53,143.2 2 0
github.com/scp-platform/backend/internal/repository/product_repository.go:145.82,152.16 2 0
github.com/scp-platform/backend/internal/repository/product_repository.go:152.16,154.3 1 0
github.com/scp-platform/backend/internal/repository/product_repository.go:156.2,157.16 2 0
github.com/scp-platform/backend/internal/repository/product_repository.go:157.16,159.3 1 0
github.com/scp-platform/backend/internal/repository/product_repository.go:161.2,161.23 1 0
github.com/scp-platform/backend/internal/repository/product_repository.go:161.23,163.3 1 0
github.com/scp-platform/backend/internal/repository/product_repository.go:165.2,165.12 1 0
github.com/scp-platform/backend/internal/repository/product_repository.go:168.138,172.16 3 0
github.com/scp-platform/backend/internal/repository/product_repository.go:172.16,174.3 1 0
github.com/scp-platform/backend/internal/repository/product_repository.go:175.2,177.39 2 0
github.com/scp-platform/backend/internal/repository/product_repository.go:177.39,180.17 3 0
github.com/scp-platform/backend/internal/repository/product_repository.go:180.17,181.12 1 0
github.com/scp-platform/backend/internal/repository/product_repository.go:184.3,188.67 4 0
github.com/scp-platform/backend/internal/repository/product_repository.go:188.67,192.4 3 0
github.com/scp-platform/backend/internal/repository/product_repository.go:194.3,194.69 1 0
github.com/scp-platform/backend/internal/repository/product_repository.go:194.69,198.4 3 0
github.com/scp-platform/backend/internal/repository/product_repository.go:200.3,200.76 1 0
github.com/scp-platform/backend/internal/repository/product_repository.go:200.76,204.4 3 0
github.com/scp-platform/backend/internal/repository/product_repository.go:206.3,206.24 1 0
github.com/scp-platform/backend/internal/repository/product_repository.go:206.24,217.18 8 0
github.com/scp-platform/backend/internal/repository/product_repository.go:217.18,218.13 1 0
github.com/scp-platform/backend/internal/repository/product_repository.go:221.4,223.47 3 0
github.com/scp-platform/backend/internal/repository/product_repository.go:227.2,227.36 1 0
github.com/scp-platform/backend/internal/repository/product_repository.go:227.36,229.3 1 0
github.com/scp-platform/backend/internal/repository/product_repository.go:231.2,231.22 1 0
github.com/scp-platform/backend/internal/repository/product_repository.go:234.101,242.2 3 0
github.com/scp-platform/backend/internal/repository/supplier_repository.go:15.61,17.2 1 0
github.com/scp-platform/backend/internal/repository/supplier_repository.go:19.75,22.16 3 0
github.com/scp-platform/backend/internal/repository/supplier_repository.go:22.16,24.3 1 0
github.com/scp-platform/backend/internal/repository/supplier_repository.go:25.2,25.23 1 0
github.com/scp-platform/backend/internal/repository/supplier_repository.go:28.70,36.2 4 0
github.com/scp-platform/backend/internal/repository/supplier_repository.go:38.89,43.16 4 0
github.com/scp-platform/backend/internal/repository/supplier_repository.go:43.16,45.3 1 0
github.com/scp-platform/backend/internal/repository/supplier_repository.go:47.2,53.30 3 0
github.com/scp-platform/backend/internal/repository/user_repository.go:15.53,17.2 1 0
github.com/scp-platform/backend/internal/repository/user_repository.go:19.67,22.16 3 0
github.com/scp-platform/backend/internal/repository/user_repository.go:22.16,24.3 1 0
github.com/scp-platform/backend/internal/repository/user_repository.go:25.2,25.19 1 0
github.com/scp-platform/backend/internal/repository/user_repository.go:28.73,31.16 3 0
github.com/scp-platform/backend/internal/repository/user_repository.go:31.16,33.3 1 0
github.com/scp-platform/backend/internal/repository/user_repository.go:34.2,34.19 1 0
github.com/scp-platform/backend/internal/repository/user_repository.go:37.58,47.2 4 0
github.com/scp-platform/backend/internal/repository/user_repository.go:49.58,64.2 4 0
github.com/scp-platform/backend/internal/repository/user_repository.go:66.84,70.2 3 0
github.com/scp-platform/backend/internal/repository/user_repository.go:72.50,75.2 2 0
github.com/scp-platform/backend/internal/api/websocket/hub.go:31.20,38.2 1 1
github.com/scp-platform/backend/internal/api/websocket/hub.go:40.21,41.6 1 0
github.com/scp-platform/backend/internal/api/websocket/hub.go:41.6,42.10 1 0
github.com/scp-platform/backend/internal/api/websocket/hub.go:43.31,45.73 2 0
github.com/scp-platform/backend/internal/api/websocket/hub.go:47.33,48.38 1 0
github.com/scp-platform/backend/internal/api/websocket/hub.go:48.38,52.5 3 0
github.com/scp-platform/backend/internal/api/websocket/hub.go:54.33,55.34 1 0
github.com/scp-platform/backend/internal/api/websocket/hub.go:55.34,56.12 1 0
github.com/scp-platform/backend/internal/api/websocket/hub.go:57.33,57.33 0 0
github.com/scp-platform/backend/internal/api/websocket/hub.go:58.13,60.31 2 0
github.com/scp-platform/backend/internal/api/websocket/hub.go:67.29,68.15 1 0
github.com/scp-platform/backend/internal/api/websocket/hub.go:68.15,71.3 2 0
github.com/scp-platform/backend/internal/api/websocket/hub.go:73.2,73.6 1 0
github.com/scp-platform/backend/internal/api/websocket/hub.go:73.6,75.17 2 0
github.com/scp-platform/backend/internal/api/websocket/hub.go:75.17,76.103 1 0
github.com/scp-platform/backend/internal/api/websocket/hub.go:76.103,78.5 1 0
github.com/scp-platform/backend/internal/api/websocket/hub.go:79.4,79.9 1 0
github.com/scp-platform/backend/internal/api/websocket/hub.go:83.3,83.60 1 0
github.com/scp-platform/backend/internal/api/websocket/hub.go:87.30,90.6 2 0
github.com/scp-platform/backend/internal/api/websocket/hub.go:90.6,91.10 1 0
github.com/scp-platform/backend/internal/api/websocket/hub.go:92.32,93.11 1 0
github.com/scp-platform/backend/internal/api/websocket/hub.go:93.11,96.5 2 0
github.com/scp-platform/backend/internal/api/websocket/hub.go:98.4,99.18 2 0
github.com/scp-platform/backend/internal/api/websocket/hub.go:99.18,101.5 1 0
github.com/scp-platform/backend/internal/api/websocket/hub.go:102.4,105.27 3 0
github.com/scp-platform/backend/internal/api/websocket/hub.go:105.27,108.5 2 0
github.com/scp-platform/backend/internal/api/websocket/hub.go:110.4,110.36 1 0
github.com/scp-platform/backend/internal/api/websocket/hub.go:110.36,112.5 1 0
github.com/scp-platform/backend/internal/api/websocket/hub.go:117.58,119.16 2 1
github.com/scp-platform/backend/internal/api/websocket/hub.go:119.16,122.3 2 0
github.com/scp-platform/backend/internal/api/websocket/hub.go:124.2,124.32 1 1
github.com/scp-platform/backend/internal/api/websocket/hub.go:124.32,125.26 1 1
github.com/scp-platform/backend/internal/api/websocket/hub.go:125.26,126.11 1 1
github.com/scp-platform/backend/internal/api/websocket/hub.go:127.29,127.29 0 1
github.com/scp-platform/backend/internal/api/websocket/hub.go:128.12,130.30 2 0
github.com/scp-platform/backend/internal/api/websocket/hub.go:136.66,138.16 2 1
github.com/scp-platform/backend/internal/api/websocket/hub.go:138.16,141.3 2 0
github.com/scp-platform/backend/internal/api/websocket/hub.go:143.2,143.32 1 1
github.com/scp-platform/backend/internal/api/websocket/hub.go:143.32,144.38 1 1
github.com/scp-platform/backend/internal/api/websocket/hub.go:144.38,145.11 1 1
github.com/scp-platform/backend/internal/api/websocket/hub.go:146.29,146.29 0 1
github.com/scp-platform/backend/internal/api/websocket/hub.go:147.12,149.30 2 0
github.com/scp-platform/backend/internal/api/websocket/hub.go:155.66,157.16 2 1
github.com/scp-platform/backend/internal/api/websocket/hub.go:157.16,160.3 2 0
github.com/scp-platform/backend/internal/api/websocket/hub.go:162.2,162.32 1 1
github.com/scp-platform/backend/internal/api/websocket/hub.go:162.32,163.59 1 1
github.com/scp-platform/backend/internal/api/websocket/hub.go:163.59,164.11 1 1
github.com/scp-platform/backend/internal/api/websocket/hub.go:165.29,165.29 0 1
github.com/scp-platform/backend/internal/api/websocket/hub.go:166.12,168.30 2 0
github.com/scp-platform/backend/internal/repository/canned_reply_repository.go:15.67,17.2 1 0
github.com/scp-platform/backend/internal/repository/canned_reply_repository.go:19.81,22.16 3 0
github.com/scp-platform/backend/internal/repository/canned_reply_repository.go:22.16,24.3 1 0
github.com/scp-platform/backend/internal/repository/canned_reply_repository.go:25.2,25.20 1 0
github.com/scp-platform/backend/internal/repository/canned_reply_repository.go:28.98,36.2 3 0
github.com/scp-platform/backend/internal/repository/canned_reply_repository.go:38.73,46.2 4 0
github.com/scp-platform/backend/internal/repository/canned_reply_repository.go:48.73,59.2 4 0
github.com/scp-platform/backend/internal/repository/canned_reply_repository.go:61.57,64.2 2 0
github.com/scp-platform/backend/internal/repository/complaint_repository.go:15.63,17.2 1 0
github.com/scp-platform/backend/internal/repository/complaint_repository.go:19.77,22.16 3 0
github.com/scp-platform/backend/internal/repository/complaint_repository.go:22.16,24.3 1 0
github.com/scp-platform/backend/internal/repository/complaint_repository.go:25.2,25.24 1 0
github.com/scp-platform/backend/internal/repository/complaint_repository.go:28.73,39.2 5 0
github.com/scp-platform/backend/internal/repository/complaint_repository.go:41.73,55.2 4 0
github.com/scp-platform/backend/internal/repository/complaint_repository.go:57.134,64.18 5 0
github.com/scp-platform/backend/internal/repository/complaint_repository.go:64.18,67.3 2 0
github.com/scp-platform/backend/internal/repository/complaint_repository.go:69.2,70.16 2 0
github.com/scp-platform/backend/internal/repository/complaint_repository.go:70.16,72.3 1 0
github.com/scp-platform/backend/internal/repository/complaint_repository.go:74.2,77.18 3 0
github.com/scp-platform/backend/internal/repository/complaint_repository.go:77.18,80.3 2 0
github.com/scp-platform/backend/internal/repository/complaint_repository.go:82.2,84.18 3 0
github.com/scp-platform/backend/internal/repository/complaint_repository.go:84.18,87.3 2 0
github.com/scp-platform/backend/internal/repository/complaint_repository.go:87.8,89.3 1 0
github.com/scp-platform/backend/internal/repository/complaint_repository.go:91.2,92.31 2 0
github.com/scp-platform/backend/internal/repository/consumer_link_repository.go:15.69,17.2 1 0
github.com/scp-platform/backend/internal/repository/consumer_link_repository.go:19.83,22.16 3 0
github.com/scp-platform/backend/internal/repository/consumer_link_repository.go:22.16,24.3 1 0
github.com/scp-platform/backend/internal/repository/consumer_link_repository.go:25.2,25.19 1 0
github.com/scp-platform/backend/internal/repository/consumer_link_repository.go:28.120,34.16 3 0
github.com/scp-platform/backend/internal/repository/consumer_link_repository.go:34.16,36.3 1 0
github.com/scp-platform/backend/internal/repository/consumer_link_repository.go:37.2,37.19 1 0
github.com/scp-platform/backend/internal/repository/consumer_link_repository.go:40.74,50.2 5 0
github.com/scp-platform/backend/internal/repository/consumer_link_repository.go:52.74,61.2 2 0
github.com/scp-platform/backend/internal/repository/consumer_link_repository.go:63.100,76.2 3 0
github.com/scp-platform/backend/internal/repository/consumer_link_repository.go:78.125,83.16 4 0
github.com/scp-platform/backend/internal/repository/consumer_link_repository.go:83.16,85.3 1 0
github.com/scp-platform/backend/internal/repository/consumer_link_repository.go:87.2,99.26 3 0
github.com/scp-platform/backend/internal/repository/consumer_link_repository.go:102.59,110.2 3 0
github.com/scp-platform/backend/internal/repository/consumer_link_repository.go:112.58,119.2 2 0
github.com/scp-platform/backend/internal/repository/consumer_link_repository.go:121.57,129.2 3 0
github.com/scp-platform/backend/internal/repository/conversation_repository.go:15.69,17.2 1 0
github.com/scp-platform/backend/internal/repository/conversation_repository.go:19.83,22.16 3 0
github.com/scp-platform/backend/internal/repository/conversation_repository.go:22.16,24.3 1 0
github.com/scp-platform/backend/internal/repository/conversation_repository.go:25.2,25.19 1 0
github.com/scp-platform/backend/internal/repository/conversation_repository.go:28.107,35.16 3 0
github.com/scp-platform/backend/internal/repository/conversation_repository.go:35.16,37.3 1 0
github.com/scp-platform/backend/internal/repository/conversation_repository.go:40.2,52.16 7 0
github.com/scp-platform/backend/internal/repository/conversation_repository.go:52.16,54.3 1 0
github.com/scp-platform/backend/internal/repository/conversation_repository.go:57.2,62.19 2 0
github.com/scp-platform/backend/internal/repository/conversation_repository.go:65.100,77.2 3 0
github.com/scp-platform/backend/internal/repository/conversation_repository.go:79.100,92.2 3 0
github.com/scp-platform/backend/internal/repository/conversation_repository.go:94.81,101.2 2 0
github.com/scp-platform/backend/internal/repository/conversation_repository.go:103.103,104.30 1 0
github.com/scp-platform/backend/internal/repository/conversation_repository.go:104.30,112.3 2 0
github.com/scp-platform/backend/internal/repository/conversation_repository.go:114.2,114.12 1 0
github.com/scp-platform/backend/internal/repository/conversation_repository.go:117.97,118.28 1 0
github.com/scp-platform/backend/internal/repository/conversation_repository.go:118.28,126.3 2 0
github.com/scp-platform/backend/internal/repository/conversation_repository.go:127.2,127.12 1 0
github.com/scp-platform/backend/internal/repository/database.go:14.100,19.16 3 0
github.com/scp-platform/backend/internal/repository/database.go:19.16,21.3 1 0
github.com/scp-platform/backend/internal/repository/database.go:23.2,23.34 1 0
github.com/scp-platform/backend/internal/repository/database.go:23.34,25.3 1 0
github.com/scp-platform/backend/internal/repository/database.go:27.2,27.31 1 0
github.com/scp-platform/backend/internal/repository/database.go:30.34,32.2 1 0
github.com/scp-platform/backend/internal/repository/message_repository.go:15.59,17.2 1 0
github.com/scp-platform/backend/internal/repository/message_repository.go:19.67,27.2 4 0
github.com/scp-platform/backend/internal/repository/message_repository.go:29.118,45.2 4 0
github.com/scp-platform/backend/internal/repository/message_repository.go:47.84,54.2 2 0
github.com/scp-platform/backend/internal/repository/notification_repository.go:15.69,17.2 1 0
github.com/scp-platform/backend/internal/repository/notification_repository.go:19.82,27.2 4 0
github.com/scp-platform/backend/internal/repository/notification_repository.go:29.117,34.16 4 0
github.com/scp-platform/backend/internal/repository/notification_repository.go:34.16,36.3 1 0
github.com/scp-platform/backend/internal/repository/notification_repository.go:38.2,45.34 3 0
github.com/scp-platform/backend/internal/repository/notification_repository.go:48.62,56.2 3 0
github.com/scp-platform/backend/internal/repository/notification_repository.go:58.69,66.2 3 0
github.com/scp-platform/backend/internal/repository/order_repository.go:15.55,17.2 1 0
github.com/scp-platform/backend/internal/repository/order_repository.go:19.69,22.16 3 0
github.com/scp-platform/backend/internal/repository/order_repository.go:22.16,24.3 1 0
github.com/scp-platform/backend/internal/repository/order_repository.go:26.2,27.16 2 0
github.com/scp-platform/backend/internal/repository/order_repository.go:27.16,29.3 1 0
github.com/scp-platform/backend/internal/repository/order_repository.go:31.2,31.20 1 0
github.com/scp-platform/backend/internal/repository/order_repository.go:34.85,48.2 3 0
github.com/scp-platform/backend/internal/repository/order_repository.go:50.61,52.16 2 0
github.com/scp-platform/backend/internal/repository/order_repository.go:52.16,54.3 1 0
github.com/scp-platform/backend/internal/repository/order_repository.go:55.2,65.16 6 0
github.com/scp-platform/backend/internal/repository/order_repository.go:65.16,67.3 1 0
github.com/scp-platform/backend/internal/repository/order_repository.go:69.2,69.35 1 0
github.com/scp-platform/backend/internal/repository/order_repository.go:69.35,77.17 5 0
github.com/scp-platform/backend/internal/repository/order_repository.go:77.17,79.4 1 0
github.com/scp-platform/backend/internal/repository/order_repository.go:82.2,82.36 1 0
github.com/scp-platform/backend/internal/repository/order_repository.go:82.36,84.3 1 0
github.com/scp-platform/backend/internal/repository/order_repository.go:86.2,89.12 3 0
github.com/scp-platform/backend/internal/repository/order_repository.go:92.111,97.16 4 0
github.com/scp-platform/backend/internal/repository/order_repository.go:97.16,99.3 1 0
github.com/scp-platform/backend/internal/repository/order_repository.go:101.2,108.16 3 0
github.com/scp-platform/backend/internal/repository/order_repository.go:108.16,110.3 1 0
github.com/scp-platform/backend/internal/repository/order_repository.go:112.2,112.24 1 0
github.com/scp-platform/backend/internal/repository/order_repository.go:112.24,115.3 2 0
github.com/scp-platform/backend/internal/repository/order_repository.go:117.2,117.27 1 0
github.com/scp-platform/backend/internal/repository/order_repository.go:120.111,125.16 4 0
github.com/scp-platform/backend/internal/repository/order_repository.go:125.16,127.3 1 0
github.com/scp-platform/backend/internal/repository/order_repository.go:129.2,136.16 3 0
github.com/scp-platform/backend/internal/repository/order_repository.go:136.16,138.3 1 0
github.com/scp-platform/backend/internal/repository/order_repository.go:140.2,140.24 1 0
github.com/scp-platform/backend/internal/repository/order_repository.go:140.24,143.3 2 0
github.com/scp-platform/backend/internal/repository/order_repository.go:145.2,145.27 1 0
github.com/scp-platform/backend/internal/repository/order_repository.go:148.61,158.2 4 0
github.com/scp-platform/backend/internal/repository/product_repository.go:16.59,18.2 1 0
github.com/scp-platform/backend/internal/repository/product_repository.go:20.73,28.16 3 0
github.com/scp-platform/backend/internal/repository/product_repository.go:28.16,30.3 1 0
github.com/scp-platform/backend/internal/repository/product_repository.go:31.2,31.22 1 0
github.com/scp-platform/backend/internal/repository/product_repository.go:34.113,39.16 4 0
github.com/scp-platform/backend/internal/repository/product_repository.go:39.16,41.3 1 0
github.com/scp-platform/backend/internal/repository/product_repository.go:43.2,50.29 3 0
github.com/scp-platform/backend/internal/repository/product_repository.go:53.136,64.16 5 0
github.com/scp-platform/backend/internal/repository/product_repository.go:64.16,66.3 1 0
github.com/scp-platform/backend/internal/repository/product_repository.go:68.2,78.29 4 0
github.com/scp-platform/backend/internal/repository/product_repository.go:81.116,92.16 5 0
github.com/scp-platform/backend/internal/repository/product_repository.go:92.16,94.3 1 0
github.com/scp-platform/backend/internal/repository/product_repository.go:96.2,106.29 4 0
github.com/scp-platform/backend/internal/repository/product_repository.go:109.67,119.2 4 0
github.com/scp-platform/backend/internal/repository/product_repository.go:121.67,138.2 4 0
github.com/scp-platform/backend/internal/repository/product_repository.go:140.53,143.2 2 0
github.com/scp-platform/backend/internal/repository/product_repository.go:145.82,152.16 2 0
github.com/scp-platform/backend/internal/repository/product_repository.go:152.16,154.3 1 0
github.com/scp-platform/backend/internal/repository/product_repository.go:156.2,157.16 2 0
github.com/scp-platform/backend/internal/repository/product_repository.go:157.16,159.3 1 0
github.com/scp-platform/backend/internal/repository/product_repository.go:161.2,161.23 1 0
github.com/scp-platform/backend/internal/repository/product_repository.go:161.23,163.3 1 0
github.com/scp-platform/backend/internal/repository/product_repository.go:165.2,165.12 1 0
github.com/scp-platform/backend/internal/repository/product_repository.go:168.138,172.16 3 0
github.com/scp-platform/backend/internal/repository/product_repository.go:172.16,174.3 1 0
github.com/scp-platform/backend/internal/repository/product_repository.go:175.2,177.39 2 0
github.com/scp-platform/backend/internal/repository/product_repository.go:177.39,180.17 3 0
github.com/scp-platform/backend/internal/repository/product_repository.go:180.17,181.12 1 0
github.com/scp-platform/backend/internal/repository/product_repository.go:184.3,188.67 4 0
github.com/scp-platform/backend/internal/repository/product_repository.go:188.67,192.4 3 0
github.com/scp-platform/backend/internal/repository/product_repository.go:194.3,194.69 1 0
github.com/scp-platform/backend/internal/repository/product_repository.go:194.69,198.4 3 0
github.com/scp-platform/backend/internal/repository/product_repository.go:200.3,200.76 1 0
github.com/scp-platform/backend/internal/repository/product_repository.go:200.76,204.4 3 0
github.com/scp-platform/backend/internal/repository/product_repository.go:206.3,206.24 1 0
github.com/scp-platform/backend/internal/repository/product_repository.go:206.24,217.18 8 0
github.com/scp-platform/backend/internal/repository/product_repository.go:217.18,218.13 1 0
github.com/scp-platform/backend/internal/repository/product_repository.go:221.4,223.47 3 0
github.com/scp-platform/backend/internal/repository/product_repository.go:227.2,227.36 1 0
github.com/scp-platform/backend/internal/repository/product_repository.go:227.36,229.3 1 0
github.com/scp-platform/backend/internal/repository/product_repository.go:231.2,231.22 1 0
github.com/scp-platform/backend/internal/repository/product_repository.go:234.101,242.2 3 0
github.com/scp-platform/backend/internal/repository/supplier_repository.go:15.61,17.2 1 0
github.com/scp-platform/backend/internal/repository/supplier_repository.go:19.75,22.16 3 0
github.com/scp-platform/backend/internal/repository/supplier_repository.go:22.16,24.3 1 0
github.com/scp-platform/backend/internal/repository/supplier_repository.go:25.2,25.23 1 0
github.com/scp-platform/backend/internal/repository/supplier_repository.go:28.70,36.2 4 0
github.com/scp-platform/backend/internal/repository/supplier_repository.go:38.89,43.16 4 0
github.com/scp-platform/backend/internal/repository/supplier_repository.go:43.16,45.3 1 0
github.com/scp-platform/backend/internal/repository/supplier_repository.go:47.2,53.30 3 0
github.com/scp-platform/backend/internal/repository/user_repository.go:15.53,17.2 1 0
github.com/scp-platform/backend/internal/repository/user_repository.go:19.67,22.16 3 0
github.com/scp-platform/backend/internal/repository/user_repository.go:22.16,24.3 1 0
github.com/scp-platform/backend/internal/repository/user_repository.go:25.2,25.19 1 0
github.com/scp-platform/backend/internal/repository/user_repository.go:28.73,31.16 3 0
github.com/scp-platform/backend/internal/repository/user_repository.go:31.16,33.3 1 0
github.com/scp-platform/backend/internal/repository/user_repository.go:34.2,34.19 1 0
github.com/scp-platform/backend/internal/repository/user_repository.go:37.58,47.2 4 0
github.com/scp-platform/backend/internal/repository/user_repository.go:49.58,64.2 4 0
github.com/scp-platform/backend/internal/repository/user_repository.go:66.84,70.2 3 0
github.com/scp-platform/backend/internal/repository/user_repository.go:72.50,75.2 2 0
github.com/scp-platform/backend/internal/services/auth_service.go:17.99,22.2 1 1
github.com/scp-platform/backend/internal/services/auth_service.go:24.88,26.16 2 0
github.com/scp-platform/backend/internal/services/auth_service.go:26.16,28.3 1 0
github.com/scp-platform/backend/internal/services/auth_service.go:30.2,30.23 1 0
github.com/scp-platform/backend/internal/services/auth_service.go:30.23,32.3 1 0
github.com/scp-platform/backend/internal/services/auth_service.go:34.2,34.46 1 0
github.com/scp-platform/backend/internal/services/auth_service.go:34.46,36.3 1 0
github.com/scp-platform/backend/internal/services/auth_service.go:38.2,38.18 1 0
github.com/scp-platform/backend/internal/services/auth_service.go:41.81,43.2 1 1
github.com/scp-platform/backend/internal/services/auth_service.go:45.78,47.2 1 1
github.com/scp-platform/backend/internal/services/auth_service.go:49.73,51.16 2 1
github.com/scp-platform/backend/internal/services/auth_service.go:51.16,53.3 1 1
github.com/scp-platform/backend/internal/services/auth_service.go:55.2,56.16 2 0
github.com/scp-platform/backend/internal/services/auth_service.go:56.16,58.3 1 0
github.com/scp-platform/backend/internal/services/auth_service.go:60.2,61.25 2 0
github.com/scp-platform/backend/internal/services/dashboard_service.go:13.171,19.2 1 0
github.com/scp-platform/backend/internal/services/dashboard_service.go:30.81,33.16 2 0
github.com/scp-platform/backend/internal/services/dashboard_service.go:33.16,35.3 1 0
github.com/scp-platform/backend/internal/services/dashboard_service.go:38.2,40.31 3 0
github.com/scp-platform/backend/internal/services/dashboard_service.go:40.31,41.32 1 0
github.com/scp-platform/backend/internal/services/dashboard_service.go:41.32,43.4 1 0
github.com/scp-platform/backend/internal/services/dashboard_service.go:44.3,44.13 1 0
github.com/scp-platform/backend/internal/services/dashboard_service.go:44.13,46.4 1 0
github.com/scp-platform/backend/internal/services/dashboard_service.go:50.2,51.16 2 0
github.com/scp-platform/backend/internal/services/dashboard_service.go:51.16,53.3 1 0
github.com/scp-platform/backend/internal/services/dashboard_service.go:55.2,56.29 2 0
github.com/scp-platform/backend/internal/services/dashboard_service.go:56.29,57.31 1 0
github.com/scp-platform/backend/internal/services/dashboard_service.go:57.31,59.4 1 0
github.com/scp-platform/backend/internal/services/dashboard_service.go:63.2,64.16 2 0
github.com/scp-platform/backend/internal/services/dashboard_service.go:64.16,66.3 1 0
github.com/scp-platform/backend/internal/services/dashboard_service.go:68.2,69.43 2 0
github.com/scp-platform/backend/internal/services/dashboard_service.go:69.43,71.3 1 0
github.com/scp-platform/backend/internal/services/dashboard_service.go:73.2,80.8 1 0
github.com/scp-platform/backend/internal/services/order_service.go:16.163,22.2 1 0
github.com/scp-platform/backend/internal/services/order_service.go:34.102,37.45 2 0
github.com/scp-platform/backend/internal/services/order_service.go:37.45,39.3 1 0
github.com/scp-platform/backend/internal/services/order_service.go:42.2,45.36 3 0
github.com/scp-platform/backend/internal/services/order_service.go:45.36,47.17 2 0
github.com/scp-platform/backend/internal/services/order_service.go:47.17,49.4 1 0
github.com/scp-platform/backend/internal/services/order_service.go:51.3,51.43 1 0
github.com/scp-platform/backend/internal/services/order_service.go:51.43,53.4 1 0
github.com/scp-platform/backend/internal/services/order_service.go:55.3,55.44 1 0
github.com/scp-platform/backend/internal/services/order_service.go:55.44,57.4 1 0
github.com/scp-platform/backend/internal/services/order_service.go:59.3,59.50 1 0
github.com/scp-platform/backend/internal/services/order_service.go:59.50,61.4 1 0
github.com/scp-platform/backend/internal/services/order_service.go:63.3,64.30 2 0
github.com/scp-platform/backend/internal/services/order_service.go:64.30,66.4 1 0
github.com/scp-platform/backend/internal/services/order_service.go:68.3,76.5 3 0
github.com/scp-platform/backend/internal/services/order_service.go:79.2,79.19 1 0
github.com/scp-platform/backend/internal/services/order_service.go:79.19,81.3 1 0
github.com/scp-platform/backend/internal/services/order_service.go:83.2,98.50 5 0
github.com/scp-platform/backend/internal/services/order_service.go:98.50,100.3 1 0
github.com/scp-platform/backend/internal/services/order_service.go:102.2,102.19 1 0
github.com/scp-platform/backend/internal/services/order_service.go:105.77,107.16 2 0
github.com/scp-platform/backend/internal/services/order_service.go:107.16,109.3 1 0
github.com/scp-platform/backend/internal/services/order_service.go:111.2,111.36 1 0
github.com/scp-platform/backend/internal/services/order_service.go:111.36,113.3 1 0
github.com/scp-platform/backend/internal/services/order_service.go:115.2,115.31 1 0
github.com/scp-platform/backend/internal/services/order_service.go:115.31,117.3 1 0
github.com/scp-platform/backend/internal/services/order_service.go:120.2,120.35 1 0
github.com/scp-platform/backend/internal/services/order_service.go:120.35,121.85 1 0
github.com/scp-platform/backend/internal/services/order_service.go:121.85,123.4 1 0
github.com/scp-platform/backend/internal/services/order_service.go:126.2,127.34 2 0
github.com/scp-platform/backend/internal/services/order_service.go:130.77,132.16 2 0
github.com/scp-platform/backend/internal/services/order_service.go:132.16,134.3 1 0
github.com/scp-platform/backend/internal/services/order_service.go:136.2,136.36 1 0
github.com/scp-platform/backend/internal/services/order_service.go:136.36,138.3 1 0
github.com/scp-platform/backend/internal/services/order_service.go:140.2,140.31 1 0
github.com/scp-platform/backend/internal/services/order_service.go:140.31,142.3 1 0
github.com/scp-platform/backend/internal/services/order_service.go:144.2,145.34 2 0
github.com/scp-platform/backend/pkg/jwt/jwt.go:25.94,31.2 1 1
github.com/scp-platform/backend/pkg/jwt/jwt.go:33.109,36.16 2 1
github.com/scp-platform/backend/pkg/jwt/jwt.go:36.16,38.3 1 0
github.com/scp-platform/backend/pkg/jwt/jwt.go:41.2,42.16 2 1
github.com/scp-platform/backend/pkg/jwt/jwt.go:42.16,44.3 1 0
github.com/scp-platform/backend/pkg/jwt/jwt.go:46.2,46.39 1 1
github.com/scp-platform/backend/pkg/jwt/jwt.go:49.140,68.2 4 1
github.com/scp-platform/backend/pkg/jwt/jwt.go:70.73,71.104 1 1
github.com/scp-platform/backend/pkg/jwt/jwt.go:71.104,72.58 1 1
github.com/scp-platform/backend/pkg/jwt/jwt.go:72.58,74.4 1 0
github.com/scp-platform/backend/pkg/jwt/jwt.go:75.3,75.34 1 1
github.com/scp-platform/backend/pkg/jwt/jwt.go:78.2,78.16 1 1
github.com/scp-platform/backend/pkg/jwt/jwt.go:78.16,80.3 1 1
github.com/scp-platform/backend/pkg/jwt/jwt.go:82.2,82.61 1 1
github.com/scp-platform/backend/pkg/jwt/jwt.go:82.61,84.3 1 1
github.com/scp-platform/backend/pkg/jwt/jwt.go:86.2,86.41 1 0
github.com/scp-platform/backend/pkg/jwt/jwt.go:89.80,91.16 2 1
github.com/scp-platform/backend/pkg/jwt/jwt.go:91.16,93.3 1 1
github.com/scp-platform/backend/pkg/jwt/jwt.go:96.2,96.20 1 1
github.com/scp-platform/backend/pkg/password/password.go:7.44,10.2 2 1
github.com/scp-platform/backend/pkg/password/password.go:12.41,15.2 2 1
